<?xml version="1.0" encoding="UTF-8"?>
<!-- Generated by org.testng.reporters.JUnitXMLReporter -->
<testsuite ignored="2" hostname="Kasim" failures="0" tests="9" name="Test" time="42.622" errors="0" timestamp="2025-07-29T12:48:59 IST">
  <testcase classname="testngTests.DependencyMethods" name="openApp" time="0.117"/>
  <testcase classname="testngTests.OrangeHRM" name="launchApp" time="12.042"/>
  <testcase classname="testngTests.OrangeHRM" name="verifyLogo" time="5.288"/>
  <testcase classname="testngTests.OrangeHRM2" name="verifyLogo" time="5.08"/>
  <testcase classname="testngTests.DependencyMethods" name="search" time="0.003"/>
  <testcase classname="testngTests.OrangeHRM" name="loginApp" time="5.483"/>
  <testcase classname="testngTests.OrangeHRM2" name="loginApp" time="5.415"/>
  <testcase classname="testngTests.OrangeHRM" name="closeApp" time="1.895"/>
  <testcase classname="testngTests.DependencyMethods" name="closeApp" time="0.006"/>
  <testcase classname="testngTests.DependencyMethods" name="Advancedsearch" time="0.0">
    <ignored/>
  </testcase> <!-- Advancedsearch -->
  <testcase classname="testngTests.DependencyMethods" name="login" time="0.0">
    <ignored/>
  </testcase> <!-- login -->
</testsuite> <!-- Test -->
