<?xml version="1.0" encoding="UTF-8"?>
<!-- Generated by org.testng.reporters.JUnitXMLReporter -->
<testsuite ignored="2" hostname="Kasim" failures="0" tests="9" name="Test2" time="39.357" errors="0" timestamp="2025-07-29T12:48:56 IST">
  <testcase classname="testngTests.DependencyMethods" name="openApp" time="0.117"/>
  <testcase classname="testngTests.OrangeHRM" name="launchApp" time="11.498"/>
  <testcase classname="testngTests.OrangeHRM" name="verifyLogo" time="5.084"/>
  <testcase classname="testngTests.OrangeHRM2" name="verifyLogo" time="5.081"/>
  <testcase classname="testngTests.DependencyMethods" name="search" time="0.008"/>
  <testcase classname="testngTests.OrangeHRM" name="loginApp" time="5.513"/>
  <testcase classname="testngTests.OrangeHRM2" name="loginApp" time="5.365"/>
  <testcase classname="testngTests.OrangeHRM" name="closeApp" time="1.838"/>
  <testcase classname="testngTests.DependencyMethods" name="closeApp" time="0.004"/>
  <testcase classname="testngTests.DependencyMethods" name="Advancedsearch" time="0.0">
    <ignored/>
  </testcase> <!-- Advancedsearch -->
  <testcase classname="testngTests.DependencyMethods" name="login" time="0.0">
    <ignored/>
  </testcase> <!-- login -->
</testsuite> <!-- Test2 -->
