<?xml version="1.0" encoding="UTF-8"?>
<!-- Generated by org.testng.reporters.JUnitXMLReporter -->
<testsuite ignored="2" hostname="Kasim" failures="0" tests="9" name="Test3" time="45.705" errors="0" timestamp="2025-07-29T12:49:02 IST">
  <testcase classname="testngTests.DependencyMethods" name="openApp" time="0.117"/>
  <testcase classname="testngTests.OrangeHRM" name="launchApp" time="14.941"/>
  <testcase classname="testngTests.OrangeHRM" name="verifyLogo" time="5.074"/>
  <testcase classname="testngTests.OrangeHRM2" name="verifyLogo" time="5.077"/>
  <testcase classname="testngTests.DependencyMethods" name="search" time="0.004"/>
  <testcase classname="testngTests.OrangeHRM" name="loginApp" time="5.393"/>
  <testcase classname="testngTests.OrangeHRM2" name="loginApp" time="5.555"/>
  <testcase classname="testngTests.OrangeHRM" name="closeApp" time="1.754"/>
  <testcase classname="testngTests.DependencyMethods" name="closeApp" time="0.004"/>
  <testcase classname="testngTests.DependencyMethods" name="login" time="0.0">
    <ignored/>
  </testcase> <!-- login -->
  <testcase classname="testngTests.DependencyMethods" name="Advancedsearch" time="0.0">
    <ignored/>
  </testcase> <!-- Advancedsearch -->
</testsuite> <!-- Test3 -->
