<?xml version="1.0" encoding="UTF-8"?>
<!-- Generated by org.testng.reporters.JUnitXMLReporter -->
<testsuite ignored="0" hostname="Kasim" failures="0" tests="4" name="Test1" time="15.94" errors="0" timestamp="2025-07-27T12:12:51 IST">
  <testcase classname="testngTests.OrangeHRM" name="launchApp" time="4.824"/>
  <testcase classname="testngTests.OrangeHRM" name="verifyLogo" time="5.079"/>
  <testcase classname="testngTests.OrangeHRM" name="loginApp" time="5.528"/>
  <testcase classname="testngTests.OrangeHRM" name="closeApp" time="0.433"/>
</testsuite> <!-- Test1 -->
