<?xml version="1.0" encoding="UTF-8"?>
<!-- Generated by org.testng.reporters.JUnitReportReporter -->
<testsuite hostname="Kasim" failures="0" tests="9" name="testngTests.DependencyMethods" time="0.380" errors="0" timestamp="2025-07-29T12:49:02 IST" skipped="0">
  <testcase classname="testngTests.DependencyMethods" name="openApp" time="0.117"/>
  <testcase classname="testngTests.DependencyMethods" name="openApp" time="0.117"/>
  <testcase classname="testngTests.DependencyMethods" name="openApp" time="0.117"/>
  <testcase classname="testngTests.DependencyMethods" name="search" time="0.003"/>
  <testcase classname="testngTests.DependencyMethods" name="search" time="0.004"/>
  <testcase classname="testngTests.DependencyMethods" name="search" time="0.008"/>
  <testcase classname="testngTests.DependencyMethods" name="closeApp" time="0.006"/>
  <testcase classname="testngTests.DependencyMethods" name="closeApp" time="0.004"/>
  <testcase classname="testngTests.DependencyMethods" name="closeApp" time="0.004"/>
</testsuite> <!-- testngTests.DependencyMethods -->
