<?xml version="1.0" encoding="UTF-8"?>
<!-- Generated by org.testng.reporters.JUnitReportReporter -->
<testsuite hostname="Kasim" failures="0" tests="6" name="testngTests.OrangeHRM2" time="31.573" errors="0" timestamp="2025-07-29T12:49:02 IST" skipped="0">
  <testcase classname="testngTests.OrangeHRM2" name="verifyLogo" time="5.077"/>
  <testcase classname="testngTests.OrangeHRM2" name="verifyLogo" time="5.081"/>
  <testcase classname="testngTests.OrangeHRM2" name="verifyLogo" time="5.080"/>
  <testcase classname="testngTests.OrangeHRM2" name="loginApp" time="5.555"/>
  <testcase classname="testngTests.OrangeHRM2" name="loginApp" time="5.365"/>
  <testcase classname="testngTests.OrangeHRM2" name="loginApp" time="5.415"/>
</testsuite> <!-- testngTests.OrangeHRM2 -->
