<?xml version="1.0" encoding="UTF-8"?>
<!-- Generated by org.testng.reporters.JUnitReportReporter -->
<testsuite hostname="Kasim" failures="0" tests="12" name="testngTests.OrangeHRM" time="75.803" errors="0" timestamp="2025-07-29T12:49:02 IST" skipped="0">
  <testcase classname="testngTests.OrangeHRM" name="launchApp" time="11.498"/>
  <testcase classname="testngTests.OrangeHRM" name="launchApp" time="14.941"/>
  <testcase classname="testngTests.OrangeHRM" name="launchApp" time="12.042"/>
  <testcase classname="testngTests.OrangeHRM" name="verifyLogo" time="5.084"/>
  <testcase classname="testngTests.OrangeHRM" name="verifyLogo" time="5.288"/>
  <testcase classname="testngTests.OrangeHRM" name="verifyLogo" time="5.074"/>
  <testcase classname="testngTests.OrangeHRM" name="loginApp" time="5.513"/>
  <testcase classname="testngTests.OrangeHRM" name="loginApp" time="5.393"/>
  <testcase classname="testngTests.OrangeHRM" name="loginApp" time="5.483"/>
  <testcase classname="testngTests.OrangeHRM" name="closeApp" time="1.895"/>
  <testcase classname="testngTests.OrangeHRM" name="closeApp" time="1.838"/>
  <testcase classname="testngTests.OrangeHRM" name="closeApp" time="1.754"/>
</testsuite> <!-- testngTests.OrangeHRM -->
